2026-02-10 20:35:55 [main] INFO  com.salesforce.listeners.ExtentReportListener - Test Suite Started: InvalidLoginTest
2026-02-10 20:35:56 [main] INFO  com.salesforce.base.BaseTest - Initializing Test Suite
2026-02-10 20:35:56 [main] INFO  com.salesforce.base.BaseTest - Setting up WebDriver for test: null
2026-02-10 20:35:56 [main] INFO  com.salesforce.base.BaseTest - Initializing browser: chrome
2026-02-10 20:36:01 [main] INFO  com.salesforce.base.BaseTest - Navigated to URL: https://login.salesforce.com/?locale=in
2026-02-10 20:36:01 [main] INFO  com.salesforce.listeners.ExtentReportListener - Test Started: testInvalidUsernameAndPassword
2026-02-10 20:36:02 [main] INFO  com.salesforce.pages.LoginPage - Username entered successfully
2026-02-10 20:36:02 [main] INFO  com.salesforce.pages.LoginPage - Password entered successfully
2026-02-10 20:36:03 [main] INFO  com.salesforce.pages.LoginPage - Login button clicked
2026-02-10 20:36:03 [main] INFO  com.salesforce.pages.LoginPage - Login performed with username: invalid_user@test.com
2026-02-10 20:36:03 [main] ERROR com.salesforce.listeners.ExtentReportListener - Test Failed: testInvalidUsernameAndPassword
2026-02-10 20:36:03 [main] INFO  com.salesforce.utils.ScreenshotUtil - Screenshot captured: screenshots/testInvalidUsernameAndPassword_FAIL_20260210_203603.png
2026-02-10 20:36:03 [main] INFO  com.salesforce.base.BaseTest - Closing WebDriver for test: testInvalidUsernameAndPassword
2026-02-10 20:36:03 [main] INFO  com.salesforce.base.BaseTest - Setting up WebDriver for test: null
2026-02-10 20:36:03 [main] INFO  com.salesforce.base.BaseTest - Initializing browser: chrome
2026-02-10 20:36:06 [main] INFO  com.salesforce.base.BaseTest - Navigated to URL: https://login.salesforce.com/?locale=in
2026-02-10 20:36:06 [main] INFO  com.salesforce.listeners.ExtentReportListener - Test Started: testEmptyUsername
2026-02-10 20:36:06 [main] INFO  com.salesforce.pages.LoginPage - Username entered successfully
2026-02-10 20:36:06 [main] INFO  com.salesforce.pages.LoginPage - Password entered successfully
2026-02-10 20:36:06 [main] INFO  com.salesforce.pages.LoginPage - Login button clicked
2026-02-10 20:36:07 [main] INFO  com.salesforce.listeners.ExtentReportListener - Test Passed: testEmptyUsername
2026-02-10 20:36:07 [main] INFO  com.salesforce.utils.ScreenshotUtil - Screenshot captured: screenshots/testEmptyUsername_PASS_20260210_203607.png
2026-02-10 20:36:07 [main] INFO  com.salesforce.base.BaseTest - Closing WebDriver for test: testEmptyUsername
2026-02-10 20:36:07 [main] INFO  com.salesforce.base.BaseTest - Setting up WebDriver for test: null
2026-02-10 20:36:07 [main] INFO  com.salesforce.base.BaseTest - Initializing browser: chrome
2026-02-10 20:36:09 [main] INFO  com.salesforce.base.BaseTest - Navigated to URL: https://login.salesforce.com/?locale=in
2026-02-10 20:36:09 [main] INFO  com.salesforce.listeners.ExtentReportListener - Test Started: testEmptyPassword
2026-02-10 20:36:10 [main] INFO  com.salesforce.pages.LoginPage - Username entered successfully
2026-02-10 20:36:10 [main] INFO  com.salesforce.pages.LoginPage - Password entered successfully
2026-02-10 20:36:10 [main] INFO  com.salesforce.pages.LoginPage - Login button clicked
2026-02-10 20:36:11 [main] INFO  com.salesforce.listeners.ExtentReportListener - Test Passed: testEmptyPassword
2026-02-10 20:36:12 [main] INFO  com.salesforce.utils.ScreenshotUtil - Screenshot captured: screenshots/testEmptyPassword_PASS_20260210_203611.png
2026-02-10 20:36:12 [main] INFO  com.salesforce.base.BaseTest - Closing WebDriver for test: testEmptyPassword
2026-02-10 20:36:12 [main] INFO  com.salesforce.base.BaseTest - Setting up WebDriver for test: null
2026-02-10 20:36:12 [main] INFO  com.salesforce.base.BaseTest - Initializing browser: chrome
2026-02-10 20:36:14 [main] INFO  com.salesforce.base.BaseTest - Navigated to URL: https://login.salesforce.com/?locale=in
2026-02-10 20:36:14 [main] INFO  com.salesforce.listeners.ExtentReportListener - Test Started: testEmptyUsernameAndPassword
2026-02-10 20:36:14 [main] INFO  com.salesforce.pages.LoginPage - Username entered successfully
2026-02-10 20:36:14 [main] INFO  com.salesforce.pages.LoginPage - Password entered successfully
2026-02-10 20:36:15 [main] INFO  com.salesforce.pages.LoginPage - Login button clicked
2026-02-10 20:36:15 [main] INFO  com.salesforce.listeners.ExtentReportListener - Test Passed: testEmptyUsernameAndPassword
2026-02-10 20:36:15 [main] INFO  com.salesforce.utils.ScreenshotUtil - Screenshot captured: screenshots/testEmptyUsernameAndPassword_PASS_20260210_203615.png
2026-02-10 20:36:15 [main] INFO  com.salesforce.base.BaseTest - Closing WebDriver for test: testEmptyUsernameAndPassword
2026-02-10 20:36:15 [main] INFO  com.salesforce.base.BaseTest - Setting up WebDriver for test: null
2026-02-10 20:36:15 [main] INFO  com.salesforce.base.BaseTest - Initializing browser: chrome
2026-02-10 20:36:17 [main] INFO  com.salesforce.base.BaseTest - Navigated to URL: https://login.salesforce.com/?locale=in
2026-02-10 20:36:17 [main] INFO  com.salesforce.listeners.ExtentReportListener - Test Started: testInvalidEmailFormat
2026-02-10 20:36:18 [main] INFO  com.salesforce.pages.LoginPage - Username entered successfully
2026-02-10 20:36:18 [main] INFO  com.salesforce.pages.LoginPage - Password entered successfully
2026-02-10 20:36:18 [main] INFO  com.salesforce.pages.LoginPage - Login button clicked
2026-02-10 20:36:18 [main] INFO  com.salesforce.pages.LoginPage - Login performed with username: invalidemailformat
2026-02-10 20:36:18 [main] INFO  com.salesforce.listeners.ExtentReportListener - Test Passed: testInvalidEmailFormat
2026-02-10 20:36:19 [main] INFO  com.salesforce.utils.ScreenshotUtil - Screenshot captured: screenshots/testInvalidEmailFormat_PASS_20260210_203618.png
2026-02-10 20:36:19 [main] INFO  com.salesforce.base.BaseTest - Closing WebDriver for test: testInvalidEmailFormat
2026-02-10 20:36:19 [main] INFO  com.salesforce.base.BaseTest - Setting up WebDriver for test: null
2026-02-10 20:36:19 [main] INFO  com.salesforce.base.BaseTest - Initializing browser: chrome
2026-02-10 20:36:21 [main] INFO  com.salesforce.base.BaseTest - Navigated to URL: https://login.salesforce.com/?locale=in
2026-02-10 20:36:21 [main] INFO  com.salesforce.listeners.ExtentReportListener - Test Started: testLoginPageUIElements
2026-02-10 20:36:21 [main] INFO  com.salesforce.listeners.ExtentReportListener - Test Passed: testLoginPageUIElements
2026-02-10 20:36:21 [main] INFO  com.salesforce.utils.ScreenshotUtil - Screenshot captured: screenshots/testLoginPageUIElements_PASS_20260210_203621.png
2026-02-10 20:36:21 [main] INFO  com.salesforce.base.BaseTest - Closing WebDriver for test: testLoginPageUIElements
2026-02-10 20:36:22 [main] INFO  com.salesforce.base.BaseTest - Setting up WebDriver for test: null
2026-02-10 20:36:22 [main] INFO  com.salesforce.base.BaseTest - Initializing browser: chrome
2026-02-10 20:36:23 [main] INFO  com.salesforce.base.BaseTest - Navigated to URL: https://login.salesforce.com/?locale=in
2026-02-10 20:36:23 [main] INFO  com.salesforce.listeners.ExtentReportListener - Test Started: testForgotPasswordLink
2026-02-10 20:36:24 [main] INFO  com.salesforce.pages.LoginPage - Forgot Password link clicked
2026-02-10 20:36:24 [main] INFO  com.salesforce.listeners.ExtentReportListener - Test Passed: testForgotPasswordLink
2026-02-10 20:36:24 [main] INFO  com.salesforce.utils.ScreenshotUtil - Screenshot captured: screenshots/testForgotPasswordLink_PASS_20260210_203624.png
2026-02-10 20:36:24 [main] INFO  com.salesforce.base.BaseTest - Closing WebDriver for test: testForgotPasswordLink
2026-02-10 20:36:24 [main] INFO  com.salesforce.listeners.ExtentReportListener - Test Suite Finished: InvalidLoginTest
2026-02-10 20:36:25 [main] INFO  com.salesforce.listeners.ExtentReportListener - Test Suite Started: ValidLoginTest
2026-02-10 20:36:25 [main] INFO  com.salesforce.base.BaseTest - Initializing Test Suite
2026-02-10 20:36:25 [main] INFO  com.salesforce.base.BaseTest - Setting up WebDriver for test: null
2026-02-10 20:36:25 [main] INFO  com.salesforce.base.BaseTest - Initializing browser: chrome
2026-02-10 20:36:27 [main] INFO  com.salesforce.base.BaseTest - Navigated to URL: https://login.salesforce.com/?locale=in
2026-02-10 20:36:27 [main] INFO  com.salesforce.listeners.ExtentReportListener - Test Started: testValidLoginWithRememberMe
2026-02-10 20:36:27 [main] INFO  com.salesforce.pages.LoginPage - Remember Me checkbox selected
2026-02-10 20:36:27 [main] INFO  com.salesforce.pages.LoginPage - Username entered successfully
2026-02-10 20:36:28 [main] INFO  com.salesforce.pages.LoginPage - Password entered successfully
2026-02-10 20:36:28 [main] INFO  com.salesforce.pages.LoginPage - Login button clicked
2026-02-10 20:36:28 [main] INFO  com.salesforce.pages.LoginPage - Login performed with username: encrypted_user
2026-02-10 20:36:58 [main] ERROR com.salesforce.pages.LoginPage - Home page check failed: Expected condition failed: waiting for visibility of Proxy element for: DefaultElementLocator 'By.xpath: //span[@id='userNavLabel']' (tried for 15 second(s) with 500 milliseconds interval)
2026-02-10 20:36:58 [main] ERROR com.salesforce.listeners.ExtentReportListener - Test Failed: testValidLoginWithRememberMe
2026-02-10 20:36:59 [main] INFO  com.salesforce.utils.ScreenshotUtil - Screenshot captured: screenshots/testValidLoginWithRememberMe_FAIL_20260210_203658.png
2026-02-10 20:36:59 [main] INFO  com.salesforce.base.BaseTest - Closing WebDriver for test: testValidLoginWithRememberMe
2026-02-10 20:36:59 [main] INFO  com.salesforce.base.BaseTest - Setting up WebDriver for test: null
2026-02-10 20:36:59 [main] INFO  com.salesforce.base.BaseTest - Initializing browser: chrome
2026-02-10 20:37:01 [main] INFO  com.salesforce.base.BaseTest - Navigated to URL: https://login.salesforce.com/?locale=in
2026-02-10 20:37:01 [main] INFO  com.salesforce.listeners.ExtentReportListener - Test Started: testValidLoginWithoutRememberMe
2026-02-10 20:37:01 [main] INFO  com.salesforce.pages.LoginPage - Username entered successfully
2026-02-10 20:37:01 [main] INFO  com.salesforce.pages.LoginPage - Password entered successfully
2026-02-10 20:37:02 [main] INFO  com.salesforce.pages.LoginPage - Login button clicked
2026-02-10 20:37:02 [main] INFO  com.salesforce.pages.LoginPage - Login performed with username: encrypted_user
2026-02-10 20:37:33 [main] ERROR com.salesforce.pages.LoginPage - Home page check failed: Expected condition failed: waiting for visibility of Proxy element for: DefaultElementLocator 'By.xpath: //span[@id='userNavLabel']' (tried for 15 second(s) with 500 milliseconds interval)
2026-02-10 20:37:33 [main] ERROR com.salesforce.listeners.ExtentReportListener - Test Failed: testValidLoginWithoutRememberMe
2026-02-10 20:37:33 [main] INFO  com.salesforce.utils.ScreenshotUtil - Screenshot captured: screenshots/testValidLoginWithoutRememberMe_FAIL_20260210_203733.png
2026-02-10 20:37:33 [main] INFO  com.salesforce.base.BaseTest - Closing WebDriver for test: testValidLoginWithoutRememberMe
2026-02-10 20:37:33 [main] INFO  com.salesforce.listeners.ExtentReportListener - Test Suite Finished: ValidLoginTest
2026-02-10 20:45:03 [main] INFO  com.salesforce.listeners.ExtentReportListener - Test Suite Started: InvalidLoginTest
2026-02-10 20:45:04 [main] INFO  com.salesforce.base.BaseTest - Initializing Test Suite
2026-02-10 20:45:04 [main] INFO  com.salesforce.base.BaseTest - Setting up WebDriver for test: null
2026-02-10 20:45:04 [main] INFO  com.salesforce.base.BaseTest - Initializing browser: chrome
2026-02-10 20:45:07 [main] INFO  com.salesforce.base.BaseTest - Navigated to URL: https://login.salesforce.com/?locale=in
2026-02-10 20:45:07 [main] INFO  com.salesforce.listeners.ExtentReportListener - Test Started: testInvalidUsernameAndPassword
2026-02-10 20:45:08 [main] INFO  com.salesforce.pages.LoginPage - Username entered successfully
2026-02-10 20:45:08 [main] INFO  com.salesforce.pages.LoginPage - Password entered successfully
2026-02-10 20:45:09 [main] INFO  com.salesforce.pages.LoginPage - Login button clicked
2026-02-10 20:45:09 [main] INFO  com.salesforce.pages.LoginPage - Login performed with username: invalid_user@test.com
2026-02-10 20:45:09 [main] ERROR com.salesforce.listeners.ExtentReportListener - Test Failed: testInvalidUsernameAndPassword
2026-02-10 20:45:09 [main] INFO  com.salesforce.utils.ScreenshotUtil - Screenshot captured: screenshots/testInvalidUsernameAndPassword_FAIL_20260210_204509.png
2026-02-10 20:45:09 [main] INFO  com.salesforce.base.BaseTest - Closing WebDriver for test: testInvalidUsernameAndPassword
2026-02-10 20:45:09 [main] INFO  com.salesforce.base.BaseTest - Setting up WebDriver for test: null
2026-02-10 20:45:09 [main] INFO  com.salesforce.base.BaseTest - Initializing browser: chrome
2026-02-10 20:45:12 [main] INFO  com.salesforce.base.BaseTest - Navigated to URL: https://login.salesforce.com/?locale=in
2026-02-10 20:45:12 [main] INFO  com.salesforce.listeners.ExtentReportListener - Test Started: testEmptyUsername
2026-02-10 20:45:12 [main] INFO  com.salesforce.pages.LoginPage - Username entered successfully
2026-02-10 20:45:12 [main] INFO  com.salesforce.pages.LoginPage - Password entered successfully
2026-02-10 20:45:12 [main] INFO  com.salesforce.pages.LoginPage - Login button clicked
2026-02-10 20:45:13 [main] INFO  com.salesforce.listeners.ExtentReportListener - Test Passed: testEmptyUsername
2026-02-10 20:45:13 [main] INFO  com.salesforce.utils.ScreenshotUtil - Screenshot captured: screenshots/testEmptyUsername_PASS_20260210_204513.png
2026-02-10 20:45:13 [main] INFO  com.salesforce.base.BaseTest - Closing WebDriver for test: testEmptyUsername
2026-02-10 20:45:13 [main] INFO  com.salesforce.base.BaseTest - Setting up WebDriver for test: null
2026-02-10 20:45:13 [main] INFO  com.salesforce.base.BaseTest - Initializing browser: chrome
2026-02-10 20:45:15 [main] INFO  com.salesforce.base.BaseTest - Navigated to URL: https://login.salesforce.com/?locale=in
2026-02-10 20:45:15 [main] INFO  com.salesforce.listeners.ExtentReportListener - Test Started: testEmptyPassword
2026-02-10 20:45:16 [main] INFO  com.salesforce.pages.LoginPage - Username entered successfully
2026-02-10 20:45:16 [main] INFO  com.salesforce.pages.LoginPage - Password entered successfully
2026-02-10 20:45:18 [main] INFO  com.salesforce.pages.LoginPage - Login button clicked
2026-02-10 20:45:18 [main] INFO  com.salesforce.listeners.ExtentReportListener - Test Passed: testEmptyPassword
2026-02-10 20:45:19 [main] INFO  com.salesforce.utils.ScreenshotUtil - Screenshot captured: screenshots/testEmptyPassword_PASS_20260210_204518.png
2026-02-10 20:45:19 [main] INFO  com.salesforce.base.BaseTest - Closing WebDriver for test: testEmptyPassword
2026-02-10 20:45:19 [main] INFO  com.salesforce.base.BaseTest - Setting up WebDriver for test: null
2026-02-10 20:45:19 [main] INFO  com.salesforce.base.BaseTest - Initializing browser: chrome
2026-02-10 20:45:21 [main] INFO  com.salesforce.base.BaseTest - Navigated to URL: https://login.salesforce.com/?locale=in
2026-02-10 20:45:21 [main] INFO  com.salesforce.listeners.ExtentReportListener - Test Started: testEmptyUsernameAndPassword
2026-02-10 20:45:21 [main] INFO  com.salesforce.pages.LoginPage - Username entered successfully
2026-02-10 20:45:21 [main] INFO  com.salesforce.pages.LoginPage - Password entered successfully
2026-02-10 20:45:22 [main] INFO  com.salesforce.pages.LoginPage - Login button clicked
2026-02-10 20:45:22 [main] INFO  com.salesforce.listeners.ExtentReportListener - Test Passed: testEmptyUsernameAndPassword
2026-02-10 20:45:22 [main] INFO  com.salesforce.utils.ScreenshotUtil - Screenshot captured: screenshots/testEmptyUsernameAndPassword_PASS_20260210_204522.png
2026-02-10 20:45:22 [main] INFO  com.salesforce.base.BaseTest - Closing WebDriver for test: testEmptyUsernameAndPassword
2026-02-10 20:45:22 [main] INFO  com.salesforce.base.BaseTest - Setting up WebDriver for test: null
2026-02-10 20:45:22 [main] INFO  com.salesforce.base.BaseTest - Initializing browser: chrome
2026-02-10 20:45:24 [main] INFO  com.salesforce.base.BaseTest - Navigated to URL: https://login.salesforce.com/?locale=in
2026-02-10 20:45:24 [main] INFO  com.salesforce.listeners.ExtentReportListener - Test Started: testInvalidEmailFormat
2026-02-10 20:45:25 [main] INFO  com.salesforce.pages.LoginPage - Username entered successfully
2026-02-10 20:45:25 [main] INFO  com.salesforce.pages.LoginPage - Password entered successfully
2026-02-10 20:45:25 [main] INFO  com.salesforce.pages.LoginPage - Login button clicked
2026-02-10 20:45:25 [main] INFO  com.salesforce.pages.LoginPage - Login performed with username: invalidemailformat
2026-02-10 20:45:25 [main] INFO  com.salesforce.listeners.ExtentReportListener - Test Passed: testInvalidEmailFormat
2026-02-10 20:45:26 [main] INFO  com.salesforce.utils.ScreenshotUtil - Screenshot captured: screenshots/testInvalidEmailFormat_PASS_20260210_204525.png
2026-02-10 20:45:26 [main] INFO  com.salesforce.base.BaseTest - Closing WebDriver for test: testInvalidEmailFormat
2026-02-10 20:45:26 [main] INFO  com.salesforce.base.BaseTest - Setting up WebDriver for test: null
2026-02-10 20:45:26 [main] INFO  com.salesforce.base.BaseTest - Initializing browser: chrome
2026-02-10 20:45:28 [main] INFO  com.salesforce.base.BaseTest - Navigated to URL: https://login.salesforce.com/?locale=in
2026-02-10 20:45:28 [main] INFO  com.salesforce.listeners.ExtentReportListener - Test Started: testLoginPageUIElements
2026-02-10 20:45:28 [main] INFO  com.salesforce.listeners.ExtentReportListener - Test Passed: testLoginPageUIElements
2026-02-10 20:45:28 [main] INFO  com.salesforce.utils.ScreenshotUtil - Screenshot captured: screenshots/testLoginPageUIElements_PASS_20260210_204528.png
2026-02-10 20:45:28 [main] INFO  com.salesforce.base.BaseTest - Closing WebDriver for test: testLoginPageUIElements
2026-02-10 20:45:29 [main] INFO  com.salesforce.base.BaseTest - Setting up WebDriver for test: null
2026-02-10 20:45:29 [main] INFO  com.salesforce.base.BaseTest - Initializing browser: chrome
2026-02-10 20:45:31 [main] INFO  com.salesforce.base.BaseTest - Navigated to URL: https://login.salesforce.com/?locale=in
2026-02-10 20:45:31 [main] INFO  com.salesforce.listeners.ExtentReportListener - Test Started: testForgotPasswordLink
2026-02-10 20:45:32 [main] INFO  com.salesforce.pages.LoginPage - Forgot Password link clicked
2026-02-10 20:45:32 [main] INFO  com.salesforce.listeners.ExtentReportListener - Test Passed: testForgotPasswordLink
2026-02-10 20:45:32 [main] INFO  com.salesforce.utils.ScreenshotUtil - Screenshot captured: screenshots/testForgotPasswordLink_PASS_20260210_204532.png
2026-02-10 20:45:32 [main] INFO  com.salesforce.base.BaseTest - Closing WebDriver for test: testForgotPasswordLink
2026-02-10 20:45:32 [main] INFO  com.salesforce.listeners.ExtentReportListener - Test Suite Finished: InvalidLoginTest
2026-02-10 20:45:32 [main] INFO  com.salesforce.listeners.ExtentReportListener - Test Suite Started: ValidLoginTest
2026-02-10 20:45:32 [main] INFO  com.salesforce.base.BaseTest - Initializing Test Suite
2026-02-10 20:45:32 [main] INFO  com.salesforce.base.BaseTest - Setting up WebDriver for test: null
2026-02-10 20:45:32 [main] INFO  com.salesforce.base.BaseTest - Initializing browser: chrome
2026-02-10 20:45:34 [main] INFO  com.salesforce.base.BaseTest - Navigated to URL: https://login.salesforce.com/?locale=in
2026-02-10 20:45:34 [main] INFO  com.salesforce.listeners.ExtentReportListener - Test Started: testValidLoginWithRememberMe
2026-02-10 20:45:35 [main] INFO  com.salesforce.pages.LoginPage - Remember Me checkbox selected
2026-02-10 20:45:35 [main] INFO  com.salesforce.pages.LoginPage - Username entered successfully
2026-02-10 20:45:35 [main] INFO  com.salesforce.pages.LoginPage - Password entered successfully
2026-02-10 20:45:35 [main] INFO  com.salesforce.pages.LoginPage - Login button clicked
2026-02-10 20:45:35 [main] INFO  com.salesforce.pages.LoginPage - Login performed with username: encrypted_user
2026-02-10 20:46:06 [main] ERROR com.salesforce.pages.LoginPage - Home page check failed: Expected condition failed: waiting for visibility of Proxy element for: DefaultElementLocator 'By.xpath: //span[@id='userNavLabel']' (tried for 15 second(s) with 500 milliseconds interval)
2026-02-10 20:46:06 [main] ERROR com.salesforce.listeners.ExtentReportListener - Test Failed: testValidLoginWithRememberMe
2026-02-10 20:46:06 [main] INFO  com.salesforce.utils.ScreenshotUtil - Screenshot captured: screenshots/testValidLoginWithRememberMe_FAIL_20260210_204606.png
2026-02-10 20:46:06 [main] INFO  com.salesforce.base.BaseTest - Closing WebDriver for test: testValidLoginWithRememberMe
2026-02-10 20:46:06 [main] INFO  com.salesforce.base.BaseTest - Setting up WebDriver for test: null
2026-02-10 20:46:06 [main] INFO  com.salesforce.base.BaseTest - Initializing browser: chrome
2026-02-10 20:46:09 [main] INFO  com.salesforce.base.BaseTest - Navigated to URL: https://login.salesforce.com/?locale=in
2026-02-10 20:46:09 [main] INFO  com.salesforce.listeners.ExtentReportListener - Test Started: testValidLoginWithoutRememberMe
2026-02-10 20:46:10 [main] INFO  com.salesforce.pages.LoginPage - Username entered successfully
2026-02-10 20:46:10 [main] INFO  com.salesforce.pages.LoginPage - Password entered successfully
2026-02-10 20:46:10 [main] INFO  com.salesforce.pages.LoginPage - Login button clicked
2026-02-10 20:46:10 [main] INFO  com.salesforce.pages.LoginPage - Login performed with username: encrypted_user
2026-02-10 20:46:41 [main] ERROR com.salesforce.pages.LoginPage - Home page check failed: Expected condition failed: waiting for visibility of Proxy element for: DefaultElementLocator 'By.xpath: //span[@id='userNavLabel']' (tried for 15 second(s) with 500 milliseconds interval)
2026-02-10 20:46:41 [main] ERROR com.salesforce.listeners.ExtentReportListener - Test Failed: testValidLoginWithoutRememberMe
2026-02-10 20:46:41 [main] INFO  com.salesforce.utils.ScreenshotUtil - Screenshot captured: screenshots/testValidLoginWithoutRememberMe_FAIL_20260210_204641.png
2026-02-10 20:46:41 [main] INFO  com.salesforce.base.BaseTest - Closing WebDriver for test: testValidLoginWithoutRememberMe
2026-02-10 20:46:41 [main] INFO  com.salesforce.listeners.ExtentReportListener - Test Suite Finished: ValidLoginTest
2026-02-10 20:48:02 [main] INFO  com.salesforce.listeners.ExtentReportListener - Test Suite Started: InvalidLoginTest
2026-02-10 20:48:03 [main] INFO  com.salesforce.base.BaseTest - Initializing Test Suite
2026-02-10 20:48:03 [main] INFO  com.salesforce.base.BaseTest - Setting up WebDriver for test: null
2026-02-10 20:48:03 [main] INFO  com.salesforce.base.BaseTest - Initializing browser: chrome
2026-02-10 20:48:06 [main] INFO  com.salesforce.base.BaseTest - Navigated to URL: https://login.salesforce.com/?locale=in
2026-02-10 20:48:07 [main] INFO  com.salesforce.listeners.ExtentReportListener - Test Started: testInvalidUsernameAndPassword
2026-02-10 20:48:07 [main] INFO  com.salesforce.pages.LoginPage - Username entered successfully
2026-02-10 20:48:07 [main] INFO  com.salesforce.pages.LoginPage - Password entered successfully
2026-02-10 20:48:08 [main] INFO  com.salesforce.pages.LoginPage - Login button clicked
2026-02-10 20:48:08 [main] INFO  com.salesforce.pages.LoginPage - Login performed with username: invalid_user@test.com
2026-02-10 20:48:08 [main] INFO  com.salesforce.pages.LoginPage - Error message displayed: Error: Please check your username and password. If you still can't log in, contact your Salesforce administrator.
2026-02-10 20:48:08 [main] INFO  com.salesforce.listeners.ExtentReportListener - Test Passed: testInvalidUsernameAndPassword
2026-02-10 20:48:08 [main] INFO  com.salesforce.utils.ScreenshotUtil - Screenshot captured: screenshots/testInvalidUsernameAndPassword_PASS_20260210_204808.png
2026-02-10 20:48:08 [main] INFO  com.salesforce.base.BaseTest - Closing WebDriver for test: testInvalidUsernameAndPassword
2026-02-10 20:48:08 [main] INFO  com.salesforce.base.BaseTest - Setting up WebDriver for test: null
2026-02-10 20:48:08 [main] INFO  com.salesforce.base.BaseTest - Initializing browser: chrome
2026-02-10 20:48:10 [main] INFO  com.salesforce.base.BaseTest - Navigated to URL: https://login.salesforce.com/?locale=in
2026-02-10 20:48:10 [main] INFO  com.salesforce.listeners.ExtentReportListener - Test Started: testEmptyUsername
2026-02-10 20:48:11 [main] INFO  com.salesforce.pages.LoginPage - Username entered successfully
2026-02-10 20:48:11 [main] INFO  com.salesforce.pages.LoginPage - Password entered successfully
2026-02-10 20:48:11 [main] INFO  com.salesforce.pages.LoginPage - Login button clicked
2026-02-10 20:48:11 [main] INFO  com.salesforce.listeners.ExtentReportListener - Test Passed: testEmptyUsername
2026-02-10 20:48:12 [main] INFO  com.salesforce.utils.ScreenshotUtil - Screenshot captured: screenshots/testEmptyUsername_PASS_20260210_204811.png
2026-02-10 20:48:12 [main] INFO  com.salesforce.base.BaseTest - Closing WebDriver for test: testEmptyUsername
2026-02-10 20:48:12 [main] INFO  com.salesforce.base.BaseTest - Setting up WebDriver for test: null
2026-02-10 20:48:12 [main] INFO  com.salesforce.base.BaseTest - Initializing browser: chrome
2026-02-10 20:48:14 [main] INFO  com.salesforce.base.BaseTest - Navigated to URL: https://login.salesforce.com/?locale=in
2026-02-10 20:48:14 [main] INFO  com.salesforce.listeners.ExtentReportListener - Test Started: testEmptyPassword
2026-02-10 20:48:14 [main] INFO  com.salesforce.pages.LoginPage - Username entered successfully
2026-02-10 20:48:14 [main] INFO  com.salesforce.pages.LoginPage - Password entered successfully
2026-02-10 20:48:16 [main] INFO  com.salesforce.pages.LoginPage - Login button clicked
2026-02-10 20:48:16 [main] INFO  com.salesforce.listeners.ExtentReportListener - Test Passed: testEmptyPassword
2026-02-10 20:48:16 [main] INFO  com.salesforce.utils.ScreenshotUtil - Screenshot captured: screenshots/testEmptyPassword_PASS_20260210_204816.png
2026-02-10 20:48:16 [main] INFO  com.salesforce.base.BaseTest - Closing WebDriver for test: testEmptyPassword
2026-02-10 20:48:16 [main] INFO  com.salesforce.base.BaseTest - Setting up WebDriver for test: null
2026-02-10 20:48:16 [main] INFO  com.salesforce.base.BaseTest - Initializing browser: chrome
2026-02-10 20:48:18 [main] INFO  com.salesforce.base.BaseTest - Navigated to URL: https://login.salesforce.com/?locale=in
2026-02-10 20:48:18 [main] INFO  com.salesforce.listeners.ExtentReportListener - Test Started: testEmptyUsernameAndPassword
2026-02-10 20:48:18 [main] INFO  com.salesforce.pages.LoginPage - Username entered successfully
2026-02-10 20:48:18 [main] INFO  com.salesforce.pages.LoginPage - Password entered successfully
2026-02-10 20:48:19 [main] INFO  com.salesforce.pages.LoginPage - Login button clicked
2026-02-10 20:48:19 [main] INFO  com.salesforce.listeners.ExtentReportListener - Test Passed: testEmptyUsernameAndPassword
2026-02-10 20:48:19 [main] INFO  com.salesforce.utils.ScreenshotUtil - Screenshot captured: screenshots/testEmptyUsernameAndPassword_PASS_20260210_204819.png
2026-02-10 20:48:19 [main] INFO  com.salesforce.base.BaseTest - Closing WebDriver for test: testEmptyUsernameAndPassword
2026-02-10 20:48:19 [main] INFO  com.salesforce.base.BaseTest - Setting up WebDriver for test: null
2026-02-10 20:48:19 [main] INFO  com.salesforce.base.BaseTest - Initializing browser: chrome
2026-02-10 20:48:21 [main] INFO  com.salesforce.base.BaseTest - Navigated to URL: https://login.salesforce.com/?locale=in
2026-02-10 20:48:21 [main] INFO  com.salesforce.listeners.ExtentReportListener - Test Started: testInvalidEmailFormat
2026-02-10 20:48:22 [main] INFO  com.salesforce.pages.LoginPage - Username entered successfully
2026-02-10 20:48:22 [main] INFO  com.salesforce.pages.LoginPage - Password entered successfully
2026-02-10 20:48:22 [main] INFO  com.salesforce.pages.LoginPage - Login button clicked
2026-02-10 20:48:22 [main] INFO  com.salesforce.pages.LoginPage - Login performed with username: invalidemailformat
2026-02-10 20:48:22 [main] INFO  com.salesforce.listeners.ExtentReportListener - Test Passed: testInvalidEmailFormat
2026-02-10 20:48:22 [main] INFO  com.salesforce.utils.ScreenshotUtil - Screenshot captured: screenshots/testInvalidEmailFormat_PASS_20260210_204822.png
2026-02-10 20:48:22 [main] INFO  com.salesforce.base.BaseTest - Closing WebDriver for test: testInvalidEmailFormat
2026-02-10 20:48:23 [main] INFO  com.salesforce.base.BaseTest - Setting up WebDriver for test: null
2026-02-10 20:48:23 [main] INFO  com.salesforce.base.BaseTest - Initializing browser: chrome
2026-02-10 20:48:25 [main] INFO  com.salesforce.base.BaseTest - Navigated to URL: https://login.salesforce.com/?locale=in
2026-02-10 20:48:25 [main] INFO  com.salesforce.listeners.ExtentReportListener - Test Started: testLoginPageUIElements
2026-02-10 20:48:25 [main] INFO  com.salesforce.listeners.ExtentReportListener - Test Passed: testLoginPageUIElements
2026-02-10 20:48:25 [main] INFO  com.salesforce.utils.ScreenshotUtil - Screenshot captured: screenshots/testLoginPageUIElements_PASS_20260210_204825.png
2026-02-10 20:48:25 [main] INFO  com.salesforce.base.BaseTest - Closing WebDriver for test: testLoginPageUIElements
2026-02-10 20:48:25 [main] INFO  com.salesforce.base.BaseTest - Setting up WebDriver for test: null
2026-02-10 20:48:25 [main] INFO  com.salesforce.base.BaseTest - Initializing browser: chrome
2026-02-10 20:48:27 [main] INFO  com.salesforce.base.BaseTest - Navigated to URL: https://login.salesforce.com/?locale=in
2026-02-10 20:48:27 [main] INFO  com.salesforce.listeners.ExtentReportListener - Test Started: testForgotPasswordLink
2026-02-10 20:48:28 [main] INFO  com.salesforce.pages.LoginPage - Forgot Password link clicked
2026-02-10 20:48:28 [main] INFO  com.salesforce.listeners.ExtentReportListener - Test Passed: testForgotPasswordLink
2026-02-10 20:48:28 [main] INFO  com.salesforce.utils.ScreenshotUtil - Screenshot captured: screenshots/testForgotPasswordLink_PASS_20260210_204828.png
2026-02-10 20:48:28 [main] INFO  com.salesforce.base.BaseTest - Closing WebDriver for test: testForgotPasswordLink
2026-02-10 20:48:28 [main] INFO  com.salesforce.listeners.ExtentReportListener - Test Suite Finished: InvalidLoginTest
2026-02-10 20:48:29 [main] INFO  com.salesforce.listeners.ExtentReportListener - Test Suite Started: ValidLoginTest
2026-02-10 20:48:29 [main] INFO  com.salesforce.base.BaseTest - Initializing Test Suite
2026-02-10 20:48:29 [main] INFO  com.salesforce.base.BaseTest - Setting up WebDriver for test: null
2026-02-10 20:48:29 [main] INFO  com.salesforce.base.BaseTest - Initializing browser: chrome
2026-02-10 20:48:31 [main] INFO  com.salesforce.base.BaseTest - Navigated to URL: https://login.salesforce.com/?locale=in
2026-02-10 20:48:31 [main] INFO  com.salesforce.listeners.ExtentReportListener - Test Started: testValidLoginWithRememberMe
2026-02-10 20:48:31 [main] ERROR com.salesforce.listeners.ExtentReportListener - Test Failed: testValidLoginWithRememberMe
2026-02-10 20:48:31 [main] INFO  com.salesforce.utils.ScreenshotUtil - Screenshot captured: screenshots/testValidLoginWithRememberMe_FAIL_20260210_204831.png
2026-02-10 20:48:31 [main] INFO  com.salesforce.base.BaseTest - Closing WebDriver for test: testValidLoginWithRememberMe
2026-02-10 20:48:31 [main] INFO  com.salesforce.base.BaseTest - Setting up WebDriver for test: null
2026-02-10 20:48:31 [main] INFO  com.salesforce.base.BaseTest - Initializing browser: chrome
2026-02-10 20:48:33 [main] INFO  com.salesforce.base.BaseTest - Navigated to URL: https://login.salesforce.com/?locale=in
2026-02-10 20:48:33 [main] INFO  com.salesforce.listeners.ExtentReportListener - Test Started: testValidLoginWithoutRememberMe
2026-02-10 20:48:33 [main] ERROR com.salesforce.listeners.ExtentReportListener - Test Failed: testValidLoginWithoutRememberMe
2026-02-10 20:48:34 [main] INFO  com.salesforce.utils.ScreenshotUtil - Screenshot captured: screenshots/testValidLoginWithoutRememberMe_FAIL_20260210_204833.png
2026-02-10 20:48:34 [main] INFO  com.salesforce.base.BaseTest - Closing WebDriver for test: testValidLoginWithoutRememberMe
2026-02-10 20:48:34 [main] INFO  com.salesforce.listeners.ExtentReportListener - Test Suite Finished: ValidLoginTest
2026-02-10 20:53:19 [main] INFO  com.salesforce.listeners.ExtentReportListener - Test Suite Started: InvalidLoginTest
2026-02-10 20:53:19 [main] INFO  com.salesforce.base.BaseTest - Initializing Test Suite
2026-02-10 20:53:19 [main] INFO  com.salesforce.base.BaseTest - Setting up WebDriver for test: null
2026-02-10 20:53:19 [main] INFO  com.salesforce.base.BaseTest - Initializing browser: chrome
2026-02-10 20:53:24 [main] INFO  com.salesforce.base.BaseTest - Navigated to URL: https://login.salesforce.com/?locale=in
2026-02-10 20:53:24 [main] INFO  com.salesforce.listeners.ExtentReportListener - Test Started: testInvalidUsernameAndPassword
2026-02-10 20:53:25 [main] INFO  com.salesforce.pages.LoginPage - Username entered successfully
2026-02-10 20:53:25 [main] INFO  com.salesforce.pages.LoginPage - Password entered successfully
2026-02-10 20:53:26 [main] INFO  com.salesforce.pages.LoginPage - Login button clicked
2026-02-10 20:53:26 [main] INFO  com.salesforce.pages.LoginPage - Login performed with username: invalid_user@test.com
2026-02-10 20:53:26 [main] INFO  com.salesforce.pages.LoginPage - Error message displayed: Error: Please check your username and password. If you still can't log in, contact your Salesforce administrator.
2026-02-10 20:53:26 [main] INFO  com.salesforce.listeners.ExtentReportListener - Test Passed: testInvalidUsernameAndPassword
2026-02-10 20:53:26 [main] INFO  com.salesforce.utils.ScreenshotUtil - Screenshot captured: screenshots/testInvalidUsernameAndPassword_PASS_20260210_205326.png
2026-02-10 20:53:26 [main] INFO  com.salesforce.base.BaseTest - Closing WebDriver for test: testInvalidUsernameAndPassword
2026-02-10 20:53:26 [main] INFO  com.salesforce.base.BaseTest - Setting up WebDriver for test: null
2026-02-10 20:53:26 [main] INFO  com.salesforce.base.BaseTest - Initializing browser: chrome
2026-02-10 20:53:28 [main] INFO  com.salesforce.base.BaseTest - Navigated to URL: https://login.salesforce.com/?locale=in
2026-02-10 20:53:28 [main] INFO  com.salesforce.listeners.ExtentReportListener - Test Started: testEmptyUsername
2026-02-10 20:53:29 [main] INFO  com.salesforce.pages.LoginPage - Username entered successfully
2026-02-10 20:53:29 [main] INFO  com.salesforce.pages.LoginPage - Password entered successfully
2026-02-10 20:53:30 [main] INFO  com.salesforce.pages.LoginPage - Login button clicked
2026-02-10 20:53:30 [main] INFO  com.salesforce.listeners.ExtentReportListener - Test Passed: testEmptyUsername
2026-02-10 20:53:31 [main] INFO  com.salesforce.utils.ScreenshotUtil - Screenshot captured: screenshots/testEmptyUsername_PASS_20260210_205330.png
2026-02-10 20:53:31 [main] INFO  com.salesforce.base.BaseTest - Closing WebDriver for test: testEmptyUsername
2026-02-10 20:53:31 [main] INFO  com.salesforce.base.BaseTest - Setting up WebDriver for test: null
2026-02-10 20:53:31 [main] INFO  com.salesforce.base.BaseTest - Initializing browser: chrome
2026-02-10 20:53:33 [main] INFO  com.salesforce.base.BaseTest - Navigated to URL: https://login.salesforce.com/?locale=in
2026-02-10 20:53:33 [main] INFO  com.salesforce.listeners.ExtentReportListener - Test Started: testEmptyPassword
2026-02-10 20:53:33 [main] INFO  com.salesforce.pages.LoginPage - Username entered successfully
2026-02-10 20:53:34 [main] INFO  com.salesforce.pages.LoginPage - Password entered successfully
2026-02-10 20:53:35 [main] INFO  com.salesforce.pages.LoginPage - Login button clicked
2026-02-10 20:53:35 [main] INFO  com.salesforce.listeners.ExtentReportListener - Test Passed: testEmptyPassword
2026-02-10 20:53:35 [main] INFO  com.salesforce.utils.ScreenshotUtil - Screenshot captured: screenshots/testEmptyPassword_PASS_20260210_205335.png
2026-02-10 20:53:35 [main] INFO  com.salesforce.base.BaseTest - Closing WebDriver for test: testEmptyPassword
2026-02-10 20:53:35 [main] INFO  com.salesforce.base.BaseTest - Setting up WebDriver for test: null
2026-02-10 20:53:35 [main] INFO  com.salesforce.base.BaseTest - Initializing browser: chrome
2026-02-10 20:53:37 [main] INFO  com.salesforce.base.BaseTest - Navigated to URL: https://login.salesforce.com/?locale=in
2026-02-10 20:53:37 [main] INFO  com.salesforce.listeners.ExtentReportListener - Test Started: testEmptyUsernameAndPassword
2026-02-10 20:53:38 [main] INFO  com.salesforce.pages.LoginPage - Username entered successfully
2026-02-10 20:53:38 [main] INFO  com.salesforce.pages.LoginPage - Password entered successfully
2026-02-10 20:53:38 [main] INFO  com.salesforce.pages.LoginPage - Login button clicked
2026-02-10 20:53:39 [main] INFO  com.salesforce.listeners.ExtentReportListener - Test Passed: testEmptyUsernameAndPassword
2026-02-10 20:53:39 [main] INFO  com.salesforce.utils.ScreenshotUtil - Screenshot captured: screenshots/testEmptyUsernameAndPassword_PASS_20260210_205339.png
2026-02-10 20:53:39 [main] INFO  com.salesforce.base.BaseTest - Closing WebDriver for test: testEmptyUsernameAndPassword
2026-02-10 20:53:39 [main] INFO  com.salesforce.base.BaseTest - Setting up WebDriver for test: null
2026-02-10 20:53:39 [main] INFO  com.salesforce.base.BaseTest - Initializing browser: chrome
2026-02-10 20:53:41 [main] INFO  com.salesforce.base.BaseTest - Navigated to URL: https://login.salesforce.com/?locale=in
2026-02-10 20:53:41 [main] INFO  com.salesforce.listeners.ExtentReportListener - Test Started: testInvalidEmailFormat
2026-02-10 20:53:42 [main] INFO  com.salesforce.pages.LoginPage - Username entered successfully
2026-02-10 20:53:42 [main] INFO  com.salesforce.pages.LoginPage - Password entered successfully
2026-02-10 20:53:43 [main] INFO  com.salesforce.pages.LoginPage - Login button clicked
2026-02-10 20:53:43 [main] INFO  com.salesforce.pages.LoginPage - Login performed with username: invalidemailformat
2026-02-10 20:53:43 [main] INFO  com.salesforce.listeners.ExtentReportListener - Test Passed: testInvalidEmailFormat
2026-02-10 20:53:43 [main] INFO  com.salesforce.utils.ScreenshotUtil - Screenshot captured: screenshots/testInvalidEmailFormat_PASS_20260210_205343.png
2026-02-10 20:53:43 [main] INFO  com.salesforce.base.BaseTest - Closing WebDriver for test: testInvalidEmailFormat
2026-02-10 20:53:43 [main] INFO  com.salesforce.base.BaseTest - Setting up WebDriver for test: null
2026-02-10 20:53:43 [main] INFO  com.salesforce.base.BaseTest - Initializing browser: chrome
2026-02-10 20:53:45 [main] INFO  com.salesforce.base.BaseTest - Navigated to URL: https://login.salesforce.com/?locale=in
2026-02-10 20:53:45 [main] INFO  com.salesforce.listeners.ExtentReportListener - Test Started: testLoginPageUIElements
2026-02-10 20:53:46 [main] INFO  com.salesforce.listeners.ExtentReportListener - Test Passed: testLoginPageUIElements
2026-02-10 20:53:46 [main] INFO  com.salesforce.utils.ScreenshotUtil - Screenshot captured: screenshots/testLoginPageUIElements_PASS_20260210_205346.png
2026-02-10 20:53:46 [main] INFO  com.salesforce.base.BaseTest - Closing WebDriver for test: testLoginPageUIElements
2026-02-10 20:53:46 [main] INFO  com.salesforce.base.BaseTest - Setting up WebDriver for test: null
2026-02-10 20:53:46 [main] INFO  com.salesforce.base.BaseTest - Initializing browser: chrome
2026-02-10 20:53:48 [main] INFO  com.salesforce.base.BaseTest - Navigated to URL: https://login.salesforce.com/?locale=in
2026-02-10 20:53:48 [main] INFO  com.salesforce.listeners.ExtentReportListener - Test Started: testForgotPasswordLink
2026-02-10 20:53:49 [main] INFO  com.salesforce.pages.LoginPage - Forgot Password link clicked
2026-02-10 20:53:49 [main] INFO  com.salesforce.listeners.ExtentReportListener - Test Passed: testForgotPasswordLink
2026-02-10 20:53:50 [main] INFO  com.salesforce.utils.ScreenshotUtil - Screenshot captured: screenshots/testForgotPasswordLink_PASS_20260210_205349.png
2026-02-10 20:53:50 [main] INFO  com.salesforce.base.BaseTest - Closing WebDriver for test: testForgotPasswordLink
2026-02-10 20:53:50 [main] INFO  com.salesforce.listeners.ExtentReportListener - Test Suite Finished: InvalidLoginTest
2026-02-10 20:53:50 [main] INFO  com.salesforce.listeners.ExtentReportListener - Test Suite Started: ValidLoginTest
2026-02-10 20:53:50 [main] INFO  com.salesforce.base.BaseTest - Initializing Test Suite
2026-02-10 20:53:50 [main] INFO  com.salesforce.base.BaseTest - Setting up WebDriver for test: null
2026-02-10 20:53:50 [main] INFO  com.salesforce.base.BaseTest - Initializing browser: chrome
2026-02-10 20:53:52 [main] INFO  com.salesforce.base.BaseTest - Navigated to URL: https://login.salesforce.com/?locale=in
2026-02-10 20:53:52 [main] INFO  com.salesforce.listeners.ExtentReportListener - Test Started: testValidLoginWithRememberMe
2026-02-10 20:53:52 [main] WARN  com.salesforce.listeners.ExtentReportListener - Test Skipped: testValidLoginWithRememberMe
2026-02-10 20:53:52 [main] INFO  com.salesforce.base.BaseTest - Closing WebDriver for test: testValidLoginWithRememberMe
2026-02-10 20:53:52 [main] INFO  com.salesforce.base.BaseTest - Setting up WebDriver for test: null
2026-02-10 20:53:52 [main] INFO  com.salesforce.base.BaseTest - Initializing browser: chrome
2026-02-10 20:53:54 [main] INFO  com.salesforce.base.BaseTest - Navigated to URL: https://login.salesforce.com/?locale=in
2026-02-10 20:53:54 [main] INFO  com.salesforce.listeners.ExtentReportListener - Test Started: testValidLoginWithoutRememberMe
2026-02-10 20:53:54 [main] WARN  com.salesforce.listeners.ExtentReportListener - Test Skipped: testValidLoginWithoutRememberMe
2026-02-10 20:53:54 [main] INFO  com.salesforce.base.BaseTest - Closing WebDriver for test: testValidLoginWithoutRememberMe
2026-02-10 20:53:54 [main] INFO  com.salesforce.listeners.ExtentReportListener - Test Suite Finished: ValidLoginTest
2026-02-10 20:56:10 [main] INFO  com.salesforce.listeners.ExtentReportListener - Test Suite Started: InvalidLoginTest
2026-02-10 20:56:11 [main] INFO  com.salesforce.base.BaseTest - Initializing Test Suite
2026-02-10 20:56:11 [main] INFO  com.salesforce.base.BaseTest - Setting up WebDriver for test: null
2026-02-10 20:56:11 [main] INFO  com.salesforce.base.BaseTest - Initializing browser: chrome
2026-02-10 20:56:13 [main] INFO  com.salesforce.base.BaseTest - Navigated to URL: https://login.salesforce.com/?locale=in
2026-02-10 20:56:13 [main] INFO  com.salesforce.listeners.ExtentReportListener - Test Started: testInvalidUsernameAndPassword
2026-02-10 20:56:14 [main] INFO  com.salesforce.pages.LoginPage - Username entered successfully
2026-02-10 20:56:14 [main] INFO  com.salesforce.pages.LoginPage - Password entered successfully
2026-02-10 20:56:15 [main] INFO  com.salesforce.pages.LoginPage - Login button clicked
2026-02-10 20:56:15 [main] INFO  com.salesforce.pages.LoginPage - Login performed with username: invalid_user@test.com
2026-02-10 20:56:15 [main] INFO  com.salesforce.pages.LoginPage - Error message displayed: Error: Please check your username and password. If you still can't log in, contact your Salesforce administrator.
2026-02-10 20:56:15 [main] INFO  com.salesforce.listeners.ExtentReportListener - Test Passed: testInvalidUsernameAndPassword
2026-02-10 20:56:15 [main] INFO  com.salesforce.utils.ScreenshotUtil - Screenshot captured: screenshots/testInvalidUsernameAndPassword_PASS_20260210_205615.png
2026-02-10 20:56:15 [main] INFO  com.salesforce.base.BaseTest - Closing WebDriver for test: testInvalidUsernameAndPassword
2026-02-10 20:56:15 [main] INFO  com.salesforce.base.BaseTest - Setting up WebDriver for test: null
2026-02-10 20:56:15 [main] INFO  com.salesforce.base.BaseTest - Initializing browser: chrome
2026-02-10 20:56:18 [main] INFO  com.salesforce.base.BaseTest - Navigated to URL: https://login.salesforce.com/?locale=in
2026-02-10 20:56:18 [main] INFO  com.salesforce.listeners.ExtentReportListener - Test Started: testEmptyUsername
2026-02-10 20:56:18 [main] INFO  com.salesforce.pages.LoginPage - Username entered successfully
2026-02-10 20:56:18 [main] INFO  com.salesforce.pages.LoginPage - Password entered successfully
2026-02-10 20:56:19 [main] INFO  com.salesforce.pages.LoginPage - Login button clicked
2026-02-10 20:56:19 [main] INFO  com.salesforce.listeners.ExtentReportListener - Test Passed: testEmptyUsername
2026-02-10 20:56:19 [main] INFO  com.salesforce.utils.ScreenshotUtil - Screenshot captured: screenshots/testEmptyUsername_PASS_20260210_205619.png
2026-02-10 20:56:19 [main] INFO  com.salesforce.base.BaseTest - Closing WebDriver for test: testEmptyUsername
2026-02-10 20:56:19 [main] INFO  com.salesforce.base.BaseTest - Setting up WebDriver for test: null
2026-02-10 20:56:19 [main] INFO  com.salesforce.base.BaseTest - Initializing browser: chrome
2026-02-10 20:56:21 [main] INFO  com.salesforce.base.BaseTest - Navigated to URL: https://login.salesforce.com/?locale=in
2026-02-10 20:56:21 [main] INFO  com.salesforce.listeners.ExtentReportListener - Test Started: testEmptyPassword
2026-02-10 20:56:22 [main] INFO  com.salesforce.pages.LoginPage - Username entered successfully
2026-02-10 20:56:22 [main] INFO  com.salesforce.pages.LoginPage - Password entered successfully
2026-02-10 20:56:23 [main] INFO  com.salesforce.pages.LoginPage - Login button clicked
2026-02-10 20:56:23 [main] INFO  com.salesforce.listeners.ExtentReportListener - Test Passed: testEmptyPassword
2026-02-10 20:56:23 [main] INFO  com.salesforce.utils.ScreenshotUtil - Screenshot captured: screenshots/testEmptyPassword_PASS_20260210_205623.png
2026-02-10 20:56:23 [main] INFO  com.salesforce.base.BaseTest - Closing WebDriver for test: testEmptyPassword
2026-02-10 20:56:23 [main] INFO  com.salesforce.base.BaseTest - Setting up WebDriver for test: null
2026-02-10 20:56:23 [main] INFO  com.salesforce.base.BaseTest - Initializing browser: chrome
2026-02-10 20:56:26 [main] INFO  com.salesforce.base.BaseTest - Navigated to URL: https://login.salesforce.com/?locale=in
2026-02-10 20:56:26 [main] INFO  com.salesforce.listeners.ExtentReportListener - Test Started: testEmptyUsernameAndPassword
2026-02-10 20:56:26 [main] INFO  com.salesforce.pages.LoginPage - Username entered successfully
2026-02-10 20:56:26 [main] INFO  com.salesforce.pages.LoginPage - Password entered successfully
2026-02-10 20:56:26 [main] INFO  com.salesforce.pages.LoginPage - Login button clicked
2026-02-10 20:56:27 [main] INFO  com.salesforce.listeners.ExtentReportListener - Test Passed: testEmptyUsernameAndPassword
2026-02-10 20:56:27 [main] INFO  com.salesforce.utils.ScreenshotUtil - Screenshot captured: screenshots/testEmptyUsernameAndPassword_PASS_20260210_205627.png
2026-02-10 20:56:27 [main] INFO  com.salesforce.base.BaseTest - Closing WebDriver for test: testEmptyUsernameAndPassword
2026-02-10 20:56:27 [main] INFO  com.salesforce.base.BaseTest - Setting up WebDriver for test: null
2026-02-10 20:56:27 [main] INFO  com.salesforce.base.BaseTest - Initializing browser: chrome
2026-02-10 20:56:29 [main] INFO  com.salesforce.base.BaseTest - Navigated to URL: https://login.salesforce.com/?locale=in
2026-02-10 20:56:29 [main] INFO  com.salesforce.listeners.ExtentReportListener - Test Started: testInvalidEmailFormat
2026-02-10 20:56:30 [main] INFO  com.salesforce.pages.LoginPage - Username entered successfully
2026-02-10 20:56:30 [main] INFO  com.salesforce.pages.LoginPage - Password entered successfully
2026-02-10 20:56:30 [main] INFO  com.salesforce.pages.LoginPage - Login button clicked
2026-02-10 20:56:30 [main] INFO  com.salesforce.pages.LoginPage - Login performed with username: invalidemailformat
2026-02-10 20:56:31 [main] INFO  com.salesforce.listeners.ExtentReportListener - Test Passed: testInvalidEmailFormat
2026-02-10 20:56:31 [main] INFO  com.salesforce.utils.ScreenshotUtil - Screenshot captured: screenshots/testInvalidEmailFormat_PASS_20260210_205631.png
2026-02-10 20:56:31 [main] INFO  com.salesforce.base.BaseTest - Closing WebDriver for test: testInvalidEmailFormat
2026-02-10 20:56:31 [main] INFO  com.salesforce.base.BaseTest - Setting up WebDriver for test: null
2026-02-10 20:56:31 [main] INFO  com.salesforce.base.BaseTest - Initializing browser: chrome
2026-02-10 20:56:33 [main] INFO  com.salesforce.base.BaseTest - Navigated to URL: https://login.salesforce.com/?locale=in
2026-02-10 20:56:33 [main] INFO  com.salesforce.listeners.ExtentReportListener - Test Started: testLoginPageUIElements
2026-02-10 20:56:33 [main] INFO  com.salesforce.listeners.ExtentReportListener - Test Passed: testLoginPageUIElements
2026-02-10 20:56:33 [main] INFO  com.salesforce.utils.ScreenshotUtil - Screenshot captured: screenshots/testLoginPageUIElements_PASS_20260210_205633.png
2026-02-10 20:56:33 [main] INFO  com.salesforce.base.BaseTest - Closing WebDriver for test: testLoginPageUIElements
2026-02-10 20:56:33 [main] INFO  com.salesforce.base.BaseTest - Setting up WebDriver for test: null
2026-02-10 20:56:33 [main] INFO  com.salesforce.base.BaseTest - Initializing browser: chrome
2026-02-10 20:56:35 [main] INFO  com.salesforce.base.BaseTest - Navigated to URL: https://login.salesforce.com/?locale=in
2026-02-10 20:56:35 [main] INFO  com.salesforce.listeners.ExtentReportListener - Test Started: testForgotPasswordLink
2026-02-10 20:56:36 [main] INFO  com.salesforce.pages.LoginPage - Forgot Password link clicked
2026-02-10 20:56:36 [main] INFO  com.salesforce.listeners.ExtentReportListener - Test Passed: testForgotPasswordLink
2026-02-10 20:56:36 [main] INFO  com.salesforce.utils.ScreenshotUtil - Screenshot captured: screenshots/testForgotPasswordLink_PASS_20260210_205636.png
2026-02-10 20:56:36 [main] INFO  com.salesforce.base.BaseTest - Closing WebDriver for test: testForgotPasswordLink
2026-02-10 20:56:36 [main] INFO  com.salesforce.listeners.ExtentReportListener - Test Suite Finished: InvalidLoginTest
2026-02-10 20:56:37 [main] INFO  com.salesforce.listeners.ExtentReportListener - Test Suite Started: ValidLoginTest
2026-02-10 20:56:37 [main] INFO  com.salesforce.base.BaseTest - Initializing Test Suite
2026-02-10 20:56:37 [main] INFO  com.salesforce.base.BaseTest - Setting up WebDriver for test: null
2026-02-10 20:56:37 [main] INFO  com.salesforce.base.BaseTest - Initializing browser: chrome
2026-02-10 20:56:39 [main] INFO  com.salesforce.base.BaseTest - Navigated to URL: https://login.salesforce.com/?locale=in
2026-02-10 20:56:39 [main] INFO  com.salesforce.listeners.ExtentReportListener - Test Started: testValidLoginWithRememberMe
2026-02-10 20:56:39 [main] WARN  com.salesforce.listeners.ExtentReportListener - Test Skipped: testValidLoginWithRememberMe
2026-02-10 20:56:39 [main] INFO  com.salesforce.utils.ScreenshotUtil - Screenshot captured: screenshots/testValidLoginWithRememberMe_SKIP_20260210_205639.png
2026-02-10 20:56:39 [main] INFO  com.salesforce.base.BaseTest - Closing WebDriver for test: testValidLoginWithRememberMe
2026-02-10 20:56:39 [main] INFO  com.salesforce.base.BaseTest - Setting up WebDriver for test: null
2026-02-10 20:56:39 [main] INFO  com.salesforce.base.BaseTest - Initializing browser: chrome
2026-02-10 20:56:41 [main] INFO  com.salesforce.base.BaseTest - Navigated to URL: https://login.salesforce.com/?locale=in
2026-02-10 20:56:41 [main] INFO  com.salesforce.listeners.ExtentReportListener - Test Started: testValidLoginWithoutRememberMe
2026-02-10 20:56:41 [main] WARN  com.salesforce.listeners.ExtentReportListener - Test Skipped: testValidLoginWithoutRememberMe
2026-02-10 20:56:41 [main] INFO  com.salesforce.utils.ScreenshotUtil - Screenshot captured: screenshots/testValidLoginWithoutRememberMe_SKIP_20260210_205641.png
2026-02-10 20:56:41 [main] INFO  com.salesforce.base.BaseTest - Closing WebDriver for test: testValidLoginWithoutRememberMe
2026-02-10 20:56:41 [main] INFO  com.salesforce.listeners.ExtentReportListener - Test Suite Finished: ValidLoginTest
2026-02-10 20:59:46 [main] INFO  com.salesforce.listeners.ExtentReportListener - Test Suite Started: InvalidLoginTest
2026-02-10 20:59:46 [main] INFO  com.salesforce.base.BaseTest - Initializing Test Suite
2026-02-10 20:59:46 [main] INFO  com.salesforce.base.BaseTest - Setting up WebDriver for test: null
2026-02-10 20:59:46 [main] INFO  com.salesforce.base.BaseTest - Report will be generated at: reports/run_20260210_205946/ExtentReport.html
2026-02-10 20:59:46 [main] INFO  com.salesforce.base.BaseTest - Initializing browser: chrome
2026-02-10 20:59:49 [main] INFO  com.salesforce.base.BaseTest - Navigated to URL: https://login.salesforce.com/?locale=in
2026-02-10 20:59:49 [main] INFO  com.salesforce.listeners.ExtentReportListener - Test Started: testInvalidUsernameAndPassword
2026-02-10 20:59:50 [main] INFO  com.salesforce.pages.LoginPage - Username entered successfully
2026-02-10 20:59:50 [main] INFO  com.salesforce.pages.LoginPage - Password entered successfully
2026-02-10 20:59:51 [main] INFO  com.salesforce.pages.LoginPage - Login button clicked
2026-02-10 20:59:51 [main] INFO  com.salesforce.pages.LoginPage - Login performed with username: invalid_user@test.com
2026-02-10 20:59:51 [main] INFO  com.salesforce.pages.LoginPage - Error message displayed: Error: Please check your username and password. If you still can't log in, contact your Salesforce administrator.
2026-02-10 20:59:51 [main] INFO  com.salesforce.listeners.ExtentReportListener - Test Passed: testInvalidUsernameAndPassword
2026-02-10 20:59:51 [main] INFO  com.salesforce.utils.ScreenshotUtil - Screenshot captured: reports/run_20260210_205946/screenshots/testInvalidUsernameAndPassword_PASS_20260210_205951_564.png
2026-02-10 20:59:51 [main] INFO  com.salesforce.base.BaseTest - Closing WebDriver for test: testInvalidUsernameAndPassword
2026-02-10 20:59:51 [main] INFO  com.salesforce.base.BaseTest - Setting up WebDriver for test: null
2026-02-10 20:59:51 [main] INFO  com.salesforce.base.BaseTest - Report will be generated at: reports/run_20260210_205946/ExtentReport.html
2026-02-10 20:59:51 [main] INFO  com.salesforce.base.BaseTest - Initializing browser: chrome
2026-02-10 20:59:53 [main] INFO  com.salesforce.base.BaseTest - Navigated to URL: https://login.salesforce.com/?locale=in
2026-02-10 20:59:53 [main] INFO  com.salesforce.listeners.ExtentReportListener - Test Started: testEmptyUsername
2026-02-10 20:59:54 [main] INFO  com.salesforce.pages.LoginPage - Username entered successfully
2026-02-10 20:59:54 [main] INFO  com.salesforce.pages.LoginPage - Password entered successfully
2026-02-10 20:59:54 [main] INFO  com.salesforce.pages.LoginPage - Login button clicked
2026-02-10 20:59:54 [main] INFO  com.salesforce.listeners.ExtentReportListener - Test Passed: testEmptyUsername
2026-02-10 20:59:55 [main] INFO  com.salesforce.utils.ScreenshotUtil - Screenshot captured: reports/run_20260210_205946/screenshots/testEmptyUsername_PASS_20260210_205954_947.png
2026-02-10 20:59:55 [main] INFO  com.salesforce.base.BaseTest - Closing WebDriver for test: testEmptyUsername
2026-02-10 20:59:55 [main] INFO  com.salesforce.base.BaseTest - Setting up WebDriver for test: null
2026-02-10 20:59:55 [main] INFO  com.salesforce.base.BaseTest - Report will be generated at: reports/run_20260210_205946/ExtentReport.html
2026-02-10 20:59:55 [main] INFO  com.salesforce.base.BaseTest - Initializing browser: chrome
2026-02-10 20:59:57 [main] INFO  com.salesforce.base.BaseTest - Navigated to URL: https://login.salesforce.com/?locale=in
2026-02-10 20:59:57 [main] INFO  com.salesforce.listeners.ExtentReportListener - Test Started: testEmptyPassword
2026-02-10 20:59:57 [main] INFO  com.salesforce.pages.LoginPage - Username entered successfully
2026-02-10 20:59:57 [main] INFO  com.salesforce.pages.LoginPage - Password entered successfully
2026-02-10 20:59:58 [main] INFO  com.salesforce.pages.LoginPage - Login button clicked
2026-02-10 20:59:59 [main] INFO  com.salesforce.listeners.ExtentReportListener - Test Passed: testEmptyPassword
2026-02-10 20:59:59 [main] INFO  com.salesforce.utils.ScreenshotUtil - Screenshot captured: reports/run_20260210_205946/screenshots/testEmptyPassword_PASS_20260210_205959_283.png
2026-02-10 20:59:59 [main] INFO  com.salesforce.base.BaseTest - Closing WebDriver for test: testEmptyPassword
2026-02-10 20:59:59 [main] INFO  com.salesforce.base.BaseTest - Setting up WebDriver for test: null
2026-02-10 20:59:59 [main] INFO  com.salesforce.base.BaseTest - Report will be generated at: reports/run_20260210_205946/ExtentReport.html
2026-02-10 20:59:59 [main] INFO  com.salesforce.base.BaseTest - Initializing browser: chrome
2026-02-10 21:00:01 [main] INFO  com.salesforce.base.BaseTest - Navigated to URL: https://login.salesforce.com/?locale=in
2026-02-10 21:00:01 [main] INFO  com.salesforce.listeners.ExtentReportListener - Test Started: testEmptyUsernameAndPassword
2026-02-10 21:00:01 [main] INFO  com.salesforce.pages.LoginPage - Username entered successfully
2026-02-10 21:00:02 [main] INFO  com.salesforce.pages.LoginPage - Password entered successfully
2026-02-10 21:00:02 [main] INFO  com.salesforce.pages.LoginPage - Login button clicked
2026-02-10 21:00:02 [main] INFO  com.salesforce.listeners.ExtentReportListener - Test Passed: testEmptyUsernameAndPassword
2026-02-10 21:00:02 [main] INFO  com.salesforce.utils.ScreenshotUtil - Screenshot captured: reports/run_20260210_205946/screenshots/testEmptyUsernameAndPassword_PASS_20260210_210002_688.png
2026-02-10 21:00:02 [main] INFO  com.salesforce.base.BaseTest - Closing WebDriver for test: testEmptyUsernameAndPassword
2026-02-10 21:00:03 [main] INFO  com.salesforce.base.BaseTest - Setting up WebDriver for test: null
2026-02-10 21:00:03 [main] INFO  com.salesforce.base.BaseTest - Report will be generated at: reports/run_20260210_205946/ExtentReport.html
2026-02-10 21:00:03 [main] INFO  com.salesforce.base.BaseTest - Initializing browser: chrome
2026-02-10 21:00:05 [main] INFO  com.salesforce.base.BaseTest - Navigated to URL: https://login.salesforce.com/?locale=in
2026-02-10 21:00:05 [main] INFO  com.salesforce.listeners.ExtentReportListener - Test Started: testInvalidEmailFormat
2026-02-10 21:00:05 [main] INFO  com.salesforce.pages.LoginPage - Username entered successfully
2026-02-10 21:00:05 [main] INFO  com.salesforce.pages.LoginPage - Password entered successfully
2026-02-10 21:00:05 [main] INFO  com.salesforce.pages.LoginPage - Login button clicked
2026-02-10 21:00:05 [main] INFO  com.salesforce.pages.LoginPage - Login performed with username: invalidemailformat
2026-02-10 21:00:06 [main] INFO  com.salesforce.listeners.ExtentReportListener - Test Passed: testInvalidEmailFormat
2026-02-10 21:00:06 [main] INFO  com.salesforce.utils.ScreenshotUtil - Screenshot captured: reports/run_20260210_205946/screenshots/testInvalidEmailFormat_PASS_20260210_210006_095.png
2026-02-10 21:00:06 [main] INFO  com.salesforce.base.BaseTest - Closing WebDriver for test: testInvalidEmailFormat
2026-02-10 21:00:06 [main] INFO  com.salesforce.base.BaseTest - Setting up WebDriver for test: null
2026-02-10 21:00:06 [main] INFO  com.salesforce.base.BaseTest - Report will be generated at: reports/run_20260210_205946/ExtentReport.html
2026-02-10 21:00:06 [main] INFO  com.salesforce.base.BaseTest - Initializing browser: chrome
2026-02-10 21:00:08 [main] INFO  com.salesforce.base.BaseTest - Navigated to URL: https://login.salesforce.com/?locale=in
2026-02-10 21:00:08 [main] INFO  com.salesforce.listeners.ExtentReportListener - Test Started: testLoginPageUIElements
2026-02-10 21:00:08 [main] INFO  com.salesforce.listeners.ExtentReportListener - Test Passed: testLoginPageUIElements
2026-02-10 21:00:08 [main] INFO  com.salesforce.utils.ScreenshotUtil - Screenshot captured: reports/run_20260210_205946/screenshots/testLoginPageUIElements_PASS_20260210_210008_602.png
2026-02-10 21:00:08 [main] INFO  com.salesforce.base.BaseTest - Closing WebDriver for test: testLoginPageUIElements
2026-02-10 21:00:08 [main] INFO  com.salesforce.base.BaseTest - Setting up WebDriver for test: null
2026-02-10 21:00:08 [main] INFO  com.salesforce.base.BaseTest - Report will be generated at: reports/run_20260210_205946/ExtentReport.html
2026-02-10 21:00:08 [main] INFO  com.salesforce.base.BaseTest - Initializing browser: chrome
2026-02-10 21:00:10 [main] INFO  com.salesforce.base.BaseTest - Navigated to URL: https://login.salesforce.com/?locale=in
2026-02-10 21:00:10 [main] INFO  com.salesforce.listeners.ExtentReportListener - Test Started: testForgotPasswordLink
2026-02-10 21:00:11 [main] INFO  com.salesforce.pages.LoginPage - Forgot Password link clicked
2026-02-10 21:00:11 [main] INFO  com.salesforce.listeners.ExtentReportListener - Test Passed: testForgotPasswordLink
2026-02-10 21:00:11 [main] INFO  com.salesforce.utils.ScreenshotUtil - Screenshot captured: reports/run_20260210_205946/screenshots/testForgotPasswordLink_PASS_20260210_210011_601.png
2026-02-10 21:00:11 [main] INFO  com.salesforce.base.BaseTest - Closing WebDriver for test: testForgotPasswordLink
2026-02-10 21:00:11 [main] INFO  com.salesforce.listeners.ExtentReportListener - Test Suite Finished: InvalidLoginTest
2026-02-10 21:00:12 [main] INFO  com.salesforce.listeners.ExtentReportListener - Test Suite Started: ValidLoginTest
2026-02-10 21:00:12 [main] INFO  com.salesforce.base.BaseTest - Initializing Test Suite
2026-02-10 21:00:12 [main] INFO  com.salesforce.base.BaseTest - Setting up WebDriver for test: null
2026-02-10 21:00:12 [main] INFO  com.salesforce.base.BaseTest - Report will be generated at: reports/run_20260210_205946/ExtentReport.html
2026-02-10 21:00:12 [main] INFO  com.salesforce.base.BaseTest - Initializing browser: chrome
2026-02-10 21:00:14 [main] INFO  com.salesforce.base.BaseTest - Navigated to URL: https://login.salesforce.com/?locale=in
2026-02-10 21:00:14 [main] INFO  com.salesforce.listeners.ExtentReportListener - Test Started: testValidLoginWithRememberMe
2026-02-10 21:00:14 [main] WARN  com.salesforce.listeners.ExtentReportListener - Test Skipped: testValidLoginWithRememberMe
2026-02-10 21:00:14 [main] INFO  com.salesforce.utils.ScreenshotUtil - Screenshot captured: reports/run_20260210_205946/screenshots/testValidLoginWithRememberMe_SKIP_20260210_210014_228.png
2026-02-10 21:00:14 [main] INFO  com.salesforce.base.BaseTest - Closing WebDriver for test: testValidLoginWithRememberMe
2026-02-10 21:00:14 [main] INFO  com.salesforce.base.BaseTest - Setting up WebDriver for test: null
2026-02-10 21:00:14 [main] INFO  com.salesforce.base.BaseTest - Report will be generated at: reports/run_20260210_205946/ExtentReport.html
2026-02-10 21:00:14 [main] INFO  com.salesforce.base.BaseTest - Initializing browser: chrome
2026-02-10 21:00:16 [main] INFO  com.salesforce.base.BaseTest - Navigated to URL: https://login.salesforce.com/?locale=in
2026-02-10 21:00:16 [main] INFO  com.salesforce.listeners.ExtentReportListener - Test Started: testValidLoginWithoutRememberMe
2026-02-10 21:00:16 [main] WARN  com.salesforce.listeners.ExtentReportListener - Test Skipped: testValidLoginWithoutRememberMe
2026-02-10 21:00:16 [main] INFO  com.salesforce.utils.ScreenshotUtil - Screenshot captured: reports/run_20260210_205946/screenshots/testValidLoginWithoutRememberMe_SKIP_20260210_210016_387.png
2026-02-10 21:00:16 [main] INFO  com.salesforce.base.BaseTest - Closing WebDriver for test: testValidLoginWithoutRememberMe
2026-02-10 21:00:16 [main] INFO  com.salesforce.listeners.ExtentReportListener - Test Suite Finished: ValidLoginTest
2026-02-10 22:45:32 [main] INFO  com.salesforce.listeners.ExtentReportListener - Test Suite Started: InvalidLoginTest
2026-02-10 22:45:33 [main] INFO  com.salesforce.base.BaseTest - Initializing Test Suite
2026-02-10 22:45:33 [main] INFO  com.salesforce.base.BaseTest - Setting up WebDriver for test: null
2026-02-10 22:45:33 [main] INFO  com.salesforce.base.BaseTest - Report will be generated at: reports/run_20260210_224532/ExtentReport.html
2026-02-10 22:45:33 [main] INFO  com.salesforce.base.BaseTest - Initializing browser: chrome
2026-02-10 22:45:37 [main] INFO  com.salesforce.base.BaseTest - Navigated to URL: https://login.salesforce.com/?locale=in
2026-02-10 22:45:37 [main] INFO  com.salesforce.listeners.ExtentReportListener - Test Started: testInvalidUsernameAndPassword
2026-02-10 22:45:38 [main] INFO  com.salesforce.pages.LoginPage - Username entered successfully
2026-02-10 22:45:38 [main] INFO  com.salesforce.pages.LoginPage - Password entered successfully
2026-02-10 22:45:39 [main] INFO  com.salesforce.pages.LoginPage - Login button clicked
2026-02-10 22:45:39 [main] INFO  com.salesforce.pages.LoginPage - Login performed with username: invalid_user@test.com
2026-02-10 22:45:39 [main] INFO  com.salesforce.pages.LoginPage - Error message displayed: Error: Please check your username and password. If you still can't log in, contact your Salesforce administrator.
2026-02-10 22:45:39 [main] INFO  com.salesforce.listeners.ExtentReportListener - Test Passed: testInvalidUsernameAndPassword
2026-02-10 22:45:39 [main] INFO  com.salesforce.utils.ScreenshotUtil - Screenshot captured: reports/run_20260210_224532/screenshots/testInvalidUsernameAndPassword_PASS_20260210_224539_618.png
2026-02-10 22:45:39 [main] INFO  com.salesforce.base.BaseTest - Closing WebDriver for test: testInvalidUsernameAndPassword
2026-02-10 22:45:39 [main] INFO  com.salesforce.base.BaseTest - Setting up WebDriver for test: null
2026-02-10 22:45:39 [main] INFO  com.salesforce.base.BaseTest - Report will be generated at: reports/run_20260210_224532/ExtentReport.html
2026-02-10 22:45:39 [main] INFO  com.salesforce.base.BaseTest - Initializing browser: chrome
2026-02-10 22:45:42 [main] INFO  com.salesforce.base.BaseTest - Navigated to URL: https://login.salesforce.com/?locale=in
2026-02-10 22:45:42 [main] INFO  com.salesforce.listeners.ExtentReportListener - Test Started: testEmptyUsername
2026-02-10 22:45:42 [main] INFO  com.salesforce.pages.LoginPage - Username entered successfully
2026-02-10 22:45:42 [main] INFO  com.salesforce.pages.LoginPage - Password entered successfully
2026-02-10 22:45:42 [main] INFO  com.salesforce.pages.LoginPage - Login button clicked
2026-02-10 22:45:43 [main] INFO  com.salesforce.listeners.ExtentReportListener - Test Passed: testEmptyUsername
2026-02-10 22:45:43 [main] INFO  com.salesforce.utils.ScreenshotUtil - Screenshot captured: reports/run_20260210_224532/screenshots/testEmptyUsername_PASS_20260210_224543_386.png
2026-02-10 22:45:43 [main] INFO  com.salesforce.base.BaseTest - Closing WebDriver for test: testEmptyUsername
2026-02-10 22:45:43 [main] INFO  com.salesforce.base.BaseTest - Setting up WebDriver for test: null
2026-02-10 22:45:43 [main] INFO  com.salesforce.base.BaseTest - Report will be generated at: reports/run_20260210_224532/ExtentReport.html
2026-02-10 22:45:43 [main] INFO  com.salesforce.base.BaseTest - Initializing browser: chrome
2026-02-10 22:45:45 [main] INFO  com.salesforce.base.BaseTest - Navigated to URL: https://login.salesforce.com/?locale=in
2026-02-10 22:45:45 [main] INFO  com.salesforce.listeners.ExtentReportListener - Test Started: testEmptyPassword
2026-02-10 22:45:46 [main] INFO  com.salesforce.pages.LoginPage - Username entered successfully
2026-02-10 22:45:46 [main] INFO  com.salesforce.pages.LoginPage - Password entered successfully
2026-02-10 22:45:48 [main] INFO  com.salesforce.pages.LoginPage - Login button clicked
2026-02-10 22:45:48 [main] INFO  com.salesforce.listeners.ExtentReportListener - Test Passed: testEmptyPassword
2026-02-10 22:45:48 [main] INFO  com.salesforce.utils.ScreenshotUtil - Screenshot captured: reports/run_20260210_224532/screenshots/testEmptyPassword_PASS_20260210_224548_806.png
2026-02-10 22:45:48 [main] INFO  com.salesforce.base.BaseTest - Closing WebDriver for test: testEmptyPassword
2026-02-10 22:45:49 [main] INFO  com.salesforce.base.BaseTest - Setting up WebDriver for test: null
2026-02-10 22:45:49 [main] INFO  com.salesforce.base.BaseTest - Report will be generated at: reports/run_20260210_224532/ExtentReport.html
2026-02-10 22:45:49 [main] INFO  com.salesforce.base.BaseTest - Initializing browser: chrome
2026-02-10 22:45:51 [main] INFO  com.salesforce.base.BaseTest - Navigated to URL: https://login.salesforce.com/?locale=in
2026-02-10 22:45:51 [main] INFO  com.salesforce.listeners.ExtentReportListener - Test Started: testEmptyUsernameAndPassword
2026-02-10 22:45:51 [main] INFO  com.salesforce.pages.LoginPage - Username entered successfully
2026-02-10 22:45:51 [main] INFO  com.salesforce.pages.LoginPage - Password entered successfully
2026-02-10 22:45:52 [main] INFO  com.salesforce.pages.LoginPage - Login button clicked
2026-02-10 22:45:52 [main] INFO  com.salesforce.listeners.ExtentReportListener - Test Passed: testEmptyUsernameAndPassword
2026-02-10 22:45:52 [main] INFO  com.salesforce.utils.ScreenshotUtil - Screenshot captured: reports/run_20260210_224532/screenshots/testEmptyUsernameAndPassword_PASS_20260210_224552_681.png
2026-02-10 22:45:52 [main] INFO  com.salesforce.base.BaseTest - Closing WebDriver for test: testEmptyUsernameAndPassword
2026-02-10 22:45:53 [main] INFO  com.salesforce.base.BaseTest - Setting up WebDriver for test: null
2026-02-10 22:45:53 [main] INFO  com.salesforce.base.BaseTest - Report will be generated at: reports/run_20260210_224532/ExtentReport.html
2026-02-10 22:45:53 [main] INFO  com.salesforce.base.BaseTest - Initializing browser: chrome
2026-02-10 22:45:54 [main] INFO  com.salesforce.base.BaseTest - Navigated to URL: https://login.salesforce.com/?locale=in
2026-02-10 22:45:54 [main] INFO  com.salesforce.listeners.ExtentReportListener - Test Started: testInvalidEmailFormat
2026-02-10 22:45:55 [main] INFO  com.salesforce.pages.LoginPage - Username entered successfully
2026-02-10 22:45:55 [main] INFO  com.salesforce.pages.LoginPage - Password entered successfully
2026-02-10 22:45:56 [main] INFO  com.salesforce.pages.LoginPage - Login button clicked
2026-02-10 22:45:56 [main] INFO  com.salesforce.pages.LoginPage - Login performed with username: invalidemailformat
2026-02-10 22:45:56 [main] INFO  com.salesforce.listeners.ExtentReportListener - Test Passed: testInvalidEmailFormat
2026-02-10 22:45:56 [main] INFO  com.salesforce.utils.ScreenshotUtil - Screenshot captured: reports/run_20260210_224532/screenshots/testInvalidEmailFormat_PASS_20260210_224556_614.png
2026-02-10 22:45:56 [main] INFO  com.salesforce.base.BaseTest - Closing WebDriver for test: testInvalidEmailFormat
2026-02-10 22:45:56 [main] INFO  com.salesforce.base.BaseTest - Setting up WebDriver for test: null
2026-02-10 22:45:56 [main] INFO  com.salesforce.base.BaseTest - Report will be generated at: reports/run_20260210_224532/ExtentReport.html
2026-02-10 22:45:56 [main] INFO  com.salesforce.base.BaseTest - Initializing browser: chrome
2026-02-10 22:45:58 [main] INFO  com.salesforce.base.BaseTest - Navigated to URL: https://login.salesforce.com/?locale=in
2026-02-10 22:45:58 [main] INFO  com.salesforce.listeners.ExtentReportListener - Test Started: testLoginPageUIElements
2026-02-10 22:45:59 [main] INFO  com.salesforce.listeners.ExtentReportListener - Test Passed: testLoginPageUIElements
2026-02-10 22:45:59 [main] INFO  com.salesforce.utils.ScreenshotUtil - Screenshot captured: reports/run_20260210_224532/screenshots/testLoginPageUIElements_PASS_20260210_224559_090.png
2026-02-10 22:45:59 [main] INFO  com.salesforce.base.BaseTest - Closing WebDriver for test: testLoginPageUIElements
2026-02-10 22:45:59 [main] INFO  com.salesforce.base.BaseTest - Setting up WebDriver for test: null
2026-02-10 22:45:59 [main] INFO  com.salesforce.base.BaseTest - Report will be generated at: reports/run_20260210_224532/ExtentReport.html
2026-02-10 22:45:59 [main] INFO  com.salesforce.base.BaseTest - Initializing browser: chrome
2026-02-10 22:46:01 [main] INFO  com.salesforce.base.BaseTest - Navigated to URL: https://login.salesforce.com/?locale=in
2026-02-10 22:46:01 [main] INFO  com.salesforce.listeners.ExtentReportListener - Test Started: testForgotPasswordLink
2026-02-10 22:46:02 [main] INFO  com.salesforce.pages.LoginPage - Forgot Password link clicked
2026-02-10 22:46:02 [main] INFO  com.salesforce.listeners.ExtentReportListener - Test Passed: testForgotPasswordLink
2026-02-10 22:46:02 [main] INFO  com.salesforce.utils.ScreenshotUtil - Screenshot captured: reports/run_20260210_224532/screenshots/testForgotPasswordLink_PASS_20260210_224602_469.png
2026-02-10 22:46:02 [main] INFO  com.salesforce.base.BaseTest - Closing WebDriver for test: testForgotPasswordLink
2026-02-10 22:46:02 [main] INFO  com.salesforce.listeners.ExtentReportListener - Test Suite Finished: InvalidLoginTest
2026-02-10 22:46:03 [main] INFO  com.salesforce.listeners.ExtentReportListener - Test Suite Started: ValidLoginTest
2026-02-10 22:46:03 [main] INFO  com.salesforce.base.BaseTest - Initializing Test Suite
2026-02-10 22:46:03 [main] INFO  com.salesforce.base.BaseTest - Setting up WebDriver for test: null
2026-02-10 22:46:03 [main] INFO  com.salesforce.base.BaseTest - Report will be generated at: reports/run_20260210_224532/ExtentReport.html
2026-02-10 22:46:03 [main] INFO  com.salesforce.base.BaseTest - Initializing browser: chrome
2026-02-10 22:46:05 [main] INFO  com.salesforce.base.BaseTest - Navigated to URL: https://login.salesforce.com/?locale=in
2026-02-10 22:46:05 [main] INFO  com.salesforce.listeners.ExtentReportListener - Test Started: testValidLoginWithRememberMe
2026-02-10 22:46:05 [main] WARN  com.salesforce.listeners.ExtentReportListener - Test Skipped: testValidLoginWithRememberMe
2026-02-10 22:46:05 [main] INFO  com.salesforce.utils.ScreenshotUtil - Screenshot captured: reports/run_20260210_224532/screenshots/testValidLoginWithRememberMe_SKIP_20260210_224605_039.png
2026-02-10 22:46:05 [main] INFO  com.salesforce.base.BaseTest - Closing WebDriver for test: testValidLoginWithRememberMe
2026-02-10 22:46:05 [main] INFO  com.salesforce.base.BaseTest - Setting up WebDriver for test: null
2026-02-10 22:46:05 [main] INFO  com.salesforce.base.BaseTest - Report will be generated at: reports/run_20260210_224532/ExtentReport.html
2026-02-10 22:46:05 [main] INFO  com.salesforce.base.BaseTest - Initializing browser: chrome
2026-02-10 22:46:07 [main] INFO  com.salesforce.base.BaseTest - Navigated to URL: https://login.salesforce.com/?locale=in
2026-02-10 22:46:07 [main] INFO  com.salesforce.listeners.ExtentReportListener - Test Started: testValidLoginWithoutRememberMe
2026-02-10 22:46:07 [main] WARN  com.salesforce.listeners.ExtentReportListener - Test Skipped: testValidLoginWithoutRememberMe
2026-02-10 22:46:07 [main] INFO  com.salesforce.utils.ScreenshotUtil - Screenshot captured: reports/run_20260210_224532/screenshots/testValidLoginWithoutRememberMe_SKIP_20260210_224607_587.png
2026-02-10 22:46:07 [main] INFO  com.salesforce.base.BaseTest - Closing WebDriver for test: testValidLoginWithoutRememberMe
2026-02-10 22:46:08 [main] INFO  com.salesforce.listeners.ExtentReportListener - Test Suite Finished: ValidLoginTest
